ERC report (2026-06-10T16:42:49, Encoding UTF8)
Report includes: Errors

***** Sheet /
[pin_not_connected]: Pin not connected
    ; error
    @(3050 mils, 2100 mils): Symbol J3 Pin 2 [Pin_2, Passive, Line]
[wire_dangling]: Wires not connected to anything
    ; error
    @(3650 mils, 2700 mils): Vertical Wire, length 50 mils
[power_pin_not_driven]: Input Power pin not driven by any Output Power pins
    ; error
    @(4050 mils, 2700 mils): Symbol U1 Pin 8 [V+, Power input, Line]
[power_pin_not_driven]: Input Power pin not driven by any Output Power pins
    ; error
    @(4050 mils, 3300 mils): Symbol U1 Pin 4 [V-, Power input, Line]
[pin_not_connected]: Pin not connected
    ; error
    @(5350 mils, 1500 mils): Symbol J1 Pin 1 [Pin_1, Passive, Line]
[pin_not_connected]: Pin not connected
    ; error
    @(5350 mils, 1600 mils): Symbol J1 Pin 3 [Pin_3, Passive, Line]
[pin_not_connected]: Pin not connected
    ; error
    @(5350 mils, 1700 mils): Symbol J1 Pin 5 [Pin_5, Passive, Line]
[pin_not_connected]: Pin not connected
    ; error
    @(5350 mils, 1800 mils): Symbol J1 Pin 7 [Pin_7, Passive, Line]
[pin_not_connected]: Pin not connected
    ; error
    @(5350 mils, 1900 mils): Symbol J1 Pin 9 [Pin_9, Passive, Line]
[pin_not_connected]: Pin not connected
    ; error
    @(5350 mils, 2000 mils): Symbol J1 Pin 11 [Pin_11, Passive, Line]
[pin_not_connected]: Pin not connected
    ; error
    @(5350 mils, 2100 mils): Symbol J1 Pin 13 [Pin_13, Passive, Line]
[pin_not_connected]: Pin not connected
    ; error
    @(5350 mils, 2200 mils): Symbol J1 Pin 15 [Pin_15, Passive, Line]
[pin_not_connected]: Pin not connected
    ; error
    @(5350 mils, 2300 mils): Symbol J1 Pin 17 [Pin_17, Passive, Line]
[pin_not_connected]: Pin not connected
    ; error
    @(5350 mils, 2400 mils): Symbol J1 Pin 19 [Pin_19, Passive, Line]
[pin_not_connected]: Pin not connected
    ; error
    @(5350 mils, 2500 mils): Symbol J1 Pin 21 [Pin_21, Passive, Line]
[pin_not_connected]: Pin not connected
    ; error
    @(5350 mils, 2600 mils): Symbol J1 Pin 23 [Pin_23, Passive, Line]
[pin_not_connected]: Pin not connected
    ; error
    @(5350 mils, 2700 mils): Symbol J1 Pin 25 [Pin_25, Passive, Line]
[pin_not_connected]: Pin not connected
    ; error
    @(5350 mils, 2800 mils): Symbol J1 Pin 27 [Pin_27, Passive, Line]
[pin_not_connected]: Pin not connected
    ; error
    @(5350 mils, 2900 mils): Symbol J1 Pin 29 [Pin_29, Passive, Line]
[pin_not_connected]: Pin not connected
    ; error
    @(5350 mils, 3000 mils): Symbol J1 Pin 31 [Pin_31, Passive, Line]
[pin_not_connected]: Pin not connected
    ; error
    @(5850 mils, 1500 mils): Symbol J1 Pin 2 [Pin_2, Passive, Line]
[pin_not_connected]: Pin not connected
    ; error
    @(5850 mils, 1600 mils): Symbol J1 Pin 4 [Pin_4, Passive, Line]
[pin_not_connected]: Pin not connected
    ; error
    @(5850 mils, 1800 mils): Symbol J1 Pin 8 [Pin_8, Passive, Line]
[pin_not_connected]: Pin not connected
    ; error
    @(5850 mils, 1900 mils): Symbol J1 Pin 10 [Pin_10, Passive, Line]
[pin_not_connected]: Pin not connected
    ; error
    @(5850 mils, 2000 mils): Symbol J1 Pin 12 [Pin_12, Passive, Line]
[pin_not_connected]: Pin not connected
    ; error
    @(5850 mils, 2100 mils): Symbol J1 Pin 14 [Pin_14, Passive, Line]
[pin_not_connected]: Pin not connected
    ; error
    @(5850 mils, 2200 mils): Symbol J1 Pin 16 [Pin_16, Passive, Line]
[pin_not_connected]: Pin not connected
    ; error
    @(5850 mils, 2300 mils): Symbol J1 Pin 18 [Pin_18, Passive, Line]
[pin_not_connected]: Pin not connected
    ; error
    @(5850 mils, 2400 mils): Symbol J1 Pin 20 [Pin_20, Passive, Line]
[pin_not_connected]: Pin not connected
    ; error
    @(5850 mils, 2500 mils): Symbol J1 Pin 22 [Pin_22, Passive, Line]
[pin_not_connected]: Pin not connected
    ; error
    @(5850 mils, 2600 mils): Symbol J1 Pin 24 [Pin_24, Passive, Line]
[pin_not_connected]: Pin not connected
    ; error
    @(5850 mils, 2700 mils): Symbol J1 Pin 26 [Pin_26, Passive, Line]
[pin_not_connected]: Pin not connected
    ; error
    @(5850 mils, 2800 mils): Symbol J1 Pin 28 [Pin_28, Passive, Line]
[pin_not_connected]: Pin not connected
    ; error
    @(5850 mils, 2900 mils): Symbol J1 Pin 30 [Pin_30, Passive, Line]
[pin_not_connected]: Pin not connected
    ; error
    @(5850 mils, 3000 mils): Symbol J1 Pin 32 [Pin_32, Passive, Line]
[pin_not_connected]: Pin not connected
    ; error
    @(6400 mils, 1450 mils): Symbol J2 Pin 1 [Pin_1, Passive, Line]
[pin_not_connected]: Pin not connected
    ; error
    @(6400 mils, 1550 mils): Symbol J2 Pin 3 [Pin_3, Passive, Line]
[pin_not_connected]: Pin not connected
    ; error
    @(6400 mils, 1650 mils): Symbol J2 Pin 5 [Pin_5, Passive, Line]
[pin_not_connected]: Pin not connected
    ; error
    @(6400 mils, 1750 mils): Symbol J2 Pin 7 [Pin_7, Passive, Line]
[pin_not_connected]: Pin not connected
    ; error
    @(6400 mils, 1850 mils): Symbol J2 Pin 9 [Pin_9, Passive, Line]
[pin_not_connected]: Pin not connected
    ; error
    @(6400 mils, 1950 mils): Symbol J2 Pin 11 [Pin_11, Passive, Line]
[pin_not_connected]: Pin not connected
    ; error
    @(6400 mils, 2050 mils): Symbol J2 Pin 13 [Pin_13, Passive, Line]
[pin_not_connected]: Pin not connected
    ; error
    @(6400 mils, 2150 mils): Symbol J2 Pin 15 [Pin_15, Passive, Line]
[pin_not_connected]: Pin not connected
    ; error
    @(6400 mils, 2350 mils): Symbol J2 Pin 19 [Pin_19, Passive, Line]
[pin_not_connected]: Pin not connected
    ; error
    @(6400 mils, 2450 mils): Symbol J2 Pin 21 [Pin_21, Passive, Line]
[pin_not_connected]: Pin not connected
    ; error
    @(6400 mils, 2550 mils): Symbol J2 Pin 23 [Pin_23, Passive, Line]
[pin_not_connected]: Pin not connected
    ; error
    @(6400 mils, 2750 mils): Symbol J2 Pin 27 [Pin_27, Passive, Line]
[pin_not_connected]: Pin not connected
    ; error
    @(6400 mils, 2850 mils): Symbol J2 Pin 29 [Pin_29, Passive, Line]
[pin_not_connected]: Pin not connected
    ; error
    @(6400 mils, 2950 mils): Symbol J2 Pin 31 [Pin_31, Passive, Line]
[pin_not_connected]: Pin not connected
    ; error
    @(6400 mils, 3050 mils): Symbol J2 Pin 33 [Pin_33, Passive, Line]
[pin_not_connected]: Pin not connected
    ; error
    @(6400 mils, 3150 mils): Symbol J2 Pin 35 [Pin_35, Passive, Line]
[pin_not_connected]: Pin not connected
    ; error
    @(6900 mils, 1450 mils): Symbol J2 Pin 2 [Pin_2, Passive, Line]
[pin_not_connected]: Pin not connected
    ; error
    @(6900 mils, 1550 mils): Symbol J2 Pin 4 [Pin_4, Passive, Line]
[pin_not_connected]: Pin not connected
    ; error
    @(6900 mils, 1650 mils): Symbol J2 Pin 6 [Pin_6, Passive, Line]
[pin_not_connected]: Pin not connected
    ; error
    @(6900 mils, 1750 mils): Symbol J2 Pin 8 [Pin_8, Passive, Line]
[pin_not_connected]: Pin not connected
    ; error
    @(6900 mils, 1850 mils): Symbol J2 Pin 10 [Pin_10, Passive, Line]
[pin_not_connected]: Pin not connected
    ; error
    @(6900 mils, 2450 mils): Symbol J2 Pin 22 [Pin_22, Passive, Line]
[pin_not_connected]: Pin not connected
    ; error
    @(6900 mils, 2550 mils): Symbol J2 Pin 24 [Pin_24, Passive, Line]
[pin_not_connected]: Pin not connected
    ; error
    @(6900 mils, 2750 mils): Symbol J2 Pin 28 [Pin_28, Passive, Line]
[pin_not_connected]: Pin not connected
    ; error
    @(6900 mils, 2850 mils): Symbol J2 Pin 30 [Pin_30, Passive, Line]
[pin_not_connected]: Pin not connected
    ; error
    @(6900 mils, 2950 mils): Symbol J2 Pin 32 [Pin_32, Passive, Line]
[pin_not_connected]: Pin not connected
    ; error
    @(6900 mils, 3050 mils): Symbol J2 Pin 34 [Pin_34, Passive, Line]
[pin_not_connected]: Pin not connected
    ; error
    @(6900 mils, 3150 mils): Symbol J2 Pin 36 [Pin_36, Passive, Line]
[pin_not_connected]: Pin not connected
    ; error
    @(8900 mils, 3850 mils): Symbol J5 Pin 1 [Pin_1, Passive, Line]
[pin_not_connected]: Pin not connected
    ; error
    @(8900 mils, 3950 mils): Symbol J5 Pin 3 [Pin_3, Passive, Line]
[pin_not_connected]: Pin not connected
    ; error
    @(8900 mils, 4050 mils): Symbol J5 Pin 5 [Pin_5, Passive, Line]
[pin_not_connected]: Pin not connected
    ; error
    @(8900 mils, 4150 mils): Symbol J5 Pin 7 [Pin_7, Passive, Line]
[pin_not_connected]: Pin not connected
    ; error
    @(8900 mils, 4250 mils): Symbol J5 Pin 9 [Pin_9, Passive, Line]
[pin_not_connected]: Pin not connected
    ; error
    @(8900 mils, 4350 mils): Symbol J5 Pin 11 [Pin_11, Passive, Line]
[pin_not_connected]: Pin not connected
    ; error
    @(8900 mils, 4450 mils): Symbol J5 Pin 13 [Pin_13, Passive, Line]
[pin_not_connected]: Pin not connected
    ; error
    @(8900 mils, 4550 mils): Symbol J5 Pin 15 [Pin_15, Passive, Line]
[pin_not_connected]: Pin not connected
    ; error
    @(8900 mils, 4650 mils): Symbol J5 Pin 17 [Pin_17, Passive, Line]
[pin_not_connected]: Pin not connected
    ; error
    @(8900 mils, 4750 mils): Symbol J5 Pin 19 [Pin_19, Passive, Line]
[pin_not_connected]: Pin not connected
    ; error
    @(8900 mils, 4850 mils): Symbol J5 Pin 21 [Pin_21, Passive, Line]
[pin_not_connected]: Pin not connected
    ; error
    @(8900 mils, 4950 mils): Symbol J5 Pin 23 [Pin_23, Passive, Line]
[pin_not_connected]: Pin not connected
    ; error
    @(9400 mils, 3850 mils): Symbol J5 Pin 2 [Pin_2, Passive, Line]
[pin_not_connected]: Pin not connected
    ; error
    @(9400 mils, 3950 mils): Symbol J5 Pin 4 [Pin_4, Passive, Line]
[pin_not_connected]: Pin not connected
    ; error
    @(9400 mils, 4050 mils): Symbol J5 Pin 6 [Pin_6, Passive, Line]
[pin_not_connected]: Pin not connected
    ; error
    @(9400 mils, 4150 mils): Symbol J5 Pin 8 [Pin_8, Passive, Line]
[pin_not_connected]: Pin not connected
    ; error
    @(9400 mils, 4250 mils): Symbol J5 Pin 10 [Pin_10, Passive, Line]
[pin_not_connected]: Pin not connected
    ; error
    @(9400 mils, 4350 mils): Symbol J5 Pin 12 [Pin_12, Passive, Line]
[pin_not_connected]: Pin not connected
    ; error
    @(9400 mils, 4450 mils): Symbol J5 Pin 14 [Pin_14, Passive, Line]
[pin_not_connected]: Pin not connected
    ; error
    @(9400 mils, 4550 mils): Symbol J5 Pin 16 [Pin_16, Passive, Line]
[pin_not_connected]: Pin not connected
    ; error
    @(9400 mils, 4650 mils): Symbol J5 Pin 18 [Pin_18, Passive, Line]
[pin_not_connected]: Pin not connected
    ; error
    @(9400 mils, 4750 mils): Symbol J5 Pin 20 [Pin_20, Passive, Line]
[pin_not_connected]: Pin not connected
    ; error
    @(9400 mils, 4850 mils): Symbol J5 Pin 22 [Pin_22, Passive, Line]
[pin_not_connected]: Pin not connected
    ; error
    @(9400 mils, 4950 mils): Symbol J5 Pin 24 [Pin_24, Passive, Line]

 ** ERC messages: 87  Errors 87  Warnings 0

 ** Ignored checks:
    - Global label only appears once in the schematic
    - Four connection points are joined together
    - SPICE model issue
    - Assigned footprint doesn't match footprint filters
